[debug] [2022-10-11T10:29:09.412Z] ----------------------------------------------------------------------
[debug] [2022-10-11T10:29:09.415Z] Command:       /home/gitpod/.nvm/versions/node/v16.17.1/bin/node /home/gitpod/.nvm/versions/node/v16.17.1/bin/firebase login
[debug] [2022-10-11T10:29:09.416Z] CLI Version:   11.14.1
[debug] [2022-10-11T10:29:09.416Z] Platform:      linux
[debug] [2022-10-11T10:29:09.416Z] Node Version:  v16.17.1
[debug] [2022-10-11T10:29:09.417Z] Time:          Tue Oct 11 2022 10:29:09 GMT+0000 (Coordinated Universal Time)
[debug] [2022-10-11T10:29:09.418Z] ----------------------------------------------------------------------
[debug] 
[debug] [2022-10-11T10:29:09.422Z] >>> [apiv2][query] GET https://firebase-public.firebaseio.com/cli.json [none]
[info] i  Firebase optionally collects CLI and Emulator Suite usage and error reporting information to help improve our products. Data is collected in accordance with Google's privacy policy (https://policies.google.com/privacy) and is not used to identify you.
 
[debug] [2022-10-11T10:29:09.605Z] <<< [apiv2][status] GET https://firebase-public.firebaseio.com/cli.json 200
[debug] [2022-10-11T10:29:09.606Z] <<< [apiv2][body] GET https://firebase-public.firebaseio.com/cli.json {"cloudBuildErrorAfter":1594252800000,"cloudBuildWarnAfter":1590019200000,"defaultNode10After":1594252800000,"minVersion":"3.0.5","node8DeploysDisabledAfter":1613390400000,"node8RuntimeDisabledAfter":1615809600000,"node8WarnAfter":1600128000000}
[info] i  To change your data collection preference at any time, run `firebase logout` and log in again. 
[info] 
[info] Visit this URL on this device to log in:
[info] https://accounts.google.com/o/oauth2/auth?client_id=563584335869-fgrhgmd47bqnekij5i8b5pr03ho849e6.apps.googleusercontent.com&scope=email%20openid%20https%3A%2F%2Fwww.googleapis.com%2Fauth%2Fcloudplatformprojects.readonly%20https%3A%2F%2Fwww.googleapis.com%2Fauth%2Ffirebase%20https%3A%2F%2Fwww.googleapis.com%2Fauth%2Fcloud-platform&response_type=code&state=120272818&redirect_uri=http%3A%2F%2Flocalhost%3A9005
[info] 
[info] Waiting for authentication...
[debug] [2022-10-11T10:30:30.620Z] ----------------------------------------------------------------------
[debug] [2022-10-11T10:30:30.622Z] Command:       /home/gitpod/.nvm/versions/node/v16.17.1/bin/node /home/gitpod/.nvm/versions/node/v16.17.1/bin/firebase login --interactive
[debug] [2022-10-11T10:30:30.623Z] CLI Version:   11.14.1
[debug] [2022-10-11T10:30:30.623Z] Platform:      linux
[debug] [2022-10-11T10:30:30.624Z] Node Version:  v16.17.1
[debug] [2022-10-11T10:30:30.624Z] Time:          Tue Oct 11 2022 10:30:30 GMT+0000 (Coordinated Universal Time)
[debug] [2022-10-11T10:30:30.624Z] ----------------------------------------------------------------------
[debug] 
[info] i  Firebase optionally collects CLI and Emulator Suite usage and error reporting information to help improve our products. Data is collected in accordance with Google's privacy policy (https://policies.google.com/privacy) and is not used to identify you.
 
[info] i  To change your data collection preference at any time, run `firebase logout` and log in again. 
[info] 
[info] Visit this URL on this device to log in:
[info] https://accounts.google.com/o/oauth2/auth?client_id=563584335869-fgrhgmd47bqnekij5i8b5pr03ho849e6.apps.googleusercontent.com&scope=email%20openid%20https%3A%2F%2Fwww.googleapis.com%2Fauth%2Fcloudplatformprojects.readonly%20https%3A%2F%2Fwww.googleapis.com%2Fauth%2Ffirebase%20https%3A%2F%2Fwww.googleapis.com%2Fauth%2Fcloud-platform&response_type=code&state=768956713&redirect_uri=http%3A%2F%2Flocalhost%3A9005
[info] 
[info] Waiting for authentication...
[debug] [2022-10-12T10:37:17.789Z] ----------------------------------------------------------------------
[debug] [2022-10-12T10:37:17.791Z] Command:       /home/gitpod/.nvm/versions/node/v16.17.1/bin/node /home/gitpod/.nvm/versions/node/v16.17.1/bin/firebase login
[debug] [2022-10-12T10:37:17.791Z] CLI Version:   11.14.2
[debug] [2022-10-12T10:37:17.791Z] Platform:      linux
[debug] [2022-10-12T10:37:17.791Z] Node Version:  v16.17.1
[debug] [2022-10-12T10:37:17.792Z] Time:          Wed Oct 12 2022 10:37:17 GMT+0000 (Coordinated Universal Time)
[debug] [2022-10-12T10:37:17.792Z] ----------------------------------------------------------------------
[debug] 
[debug] [2022-10-12T10:37:17.795Z] >>> [apiv2][query] GET https://firebase-public.firebaseio.com/cli.json [none]
[info] i  Firebase optionally collects CLI and Emulator Suite usage and error reporting information to help improve our products. Data is collected in accordance with Google's privacy policy (https://policies.google.com/privacy) and is not used to identify you.
 
[debug] [2022-10-12T10:37:17.977Z] <<< [apiv2][status] GET https://firebase-public.firebaseio.com/cli.json 200
[debug] [2022-10-12T10:37:17.978Z] <<< [apiv2][body] GET https://firebase-public.firebaseio.com/cli.json {"cloudBuildErrorAfter":1594252800000,"cloudBuildWarnAfter":1590019200000,"defaultNode10After":1594252800000,"minVersion":"3.0.5","node8DeploysDisabledAfter":1613390400000,"node8RuntimeDisabledAfter":1615809600000,"node8WarnAfter":1600128000000}
[info] 
[info] Visit this URL on this device to log in:
[info] https://accounts.google.com/o/oauth2/auth?client_id=563584335869-fgrhgmd47bqnekij5i8b5pr03ho849e6.apps.googleusercontent.com&scope=email%20openid%20https%3A%2F%2Fwww.googleapis.com%2Fauth%2Fcloudplatformprojects.readonly%20https%3A%2F%2Fwww.googleapis.com%2Fauth%2Ffirebase%20https%3A%2F%2Fwww.googleapis.com%2Fauth%2Fcloud-platform&response_type=code&state=817211072&redirect_uri=http%3A%2F%2Flocalhost%3A9005
[info] 
[info] Waiting for authentication...
